CRITICAL - 2023-09-12 07:59:49 --> The framework needs the following extension(s) installed and loaded: intl.
in SYSTEMPATH\CodeIgniter.php on line 227.
 1 SYSTEMPATH\CodeIgniter.php(227): CodeIgniter\Exceptions\FrameworkException::forMissingExtension('intl')
 2 SYSTEMPATH\CodeIgniter.php(191): CodeIgniter\CodeIgniter->resolvePlatformExtensions()
 3 FCPATH\index.php(55): CodeIgniter\CodeIgniter->initialize()
CRITICAL - 2023-09-12 08:01:27 --> The framework needs the following extension(s) installed and loaded: intl.
in SYSTEMPATH\CodeIgniter.php on line 227.
 1 SYSTEMPATH\CodeIgniter.php(227): CodeIgniter\Exceptions\FrameworkException::forMissingExtension('intl')
 2 SYSTEMPATH\CodeIgniter.php(191): CodeIgniter\CodeIgniter->resolvePlatformExtensions()
 3 FCPATH\index.php(55): CodeIgniter\CodeIgniter->initialize()
INFO - 2023-09-12 06:01:37 --> Session: Class initialized using 'CodeIgniter\Session\Handlers\FileHandler' driver.
INFO - 2023-09-12 06:01:39 --> Session: Class initialized using 'CodeIgniter\Session\Handlers\FileHandler' driver.
ERROR - 2023-09-12 06:01:43 --> Error connecting to the database: mysqli_sql_exception: No connection could be made because the target machine actively refused it in C:\xampp\htdocs\eseo-crm\system\Database\MySQLi\Connection.php:173
Stack trace:
#0 C:\xampp\htdocs\eseo-crm\system\Database\MySQLi\Connection.php(173): mysqli->real_connect('localhost', 'root', Object(SensitiveParameterValue), 'eseo_crm_db', 3306, '', 0)
#1 C:\xampp\htdocs\eseo-crm\system\Database\BaseConnection.php(391): CodeIgniter\Database\MySQLi\Connection->connect(false)
#2 C:\xampp\htdocs\eseo-crm\system\Database\BaseConnection.php(574): CodeIgniter\Database\BaseConnection->initialize()
#3 C:\xampp\htdocs\eseo-crm\system\Database\BaseBuilder.php(1616): CodeIgniter\Database\BaseConnection->query('SELECT *\nFROM `...', Array, false)
#4 C:\xampp\htdocs\eseo-crm\system\Model.php(268): CodeIgniter\Database\BaseBuilder->get()
#5 C:\xampp\htdocs\eseo-crm\system\BaseModel.php(656): CodeIgniter\Model->doFirst()
#6 C:\xampp\htdocs\eseo-crm\app\Controllers\UsersController.php(51): CodeIgniter\BaseModel->first()
#7 C:\xampp\htdocs\eseo-crm\system\CodeIgniter.php(932): App\Controllers\UsersController->loginAuth()
#8 C:\xampp\htdocs\eseo-crm\system\CodeIgniter.php(497): CodeIgniter\CodeIgniter->runController(Object(App\Controllers\UsersController))
#9 C:\xampp\htdocs\eseo-crm\system\CodeIgniter.php(366): CodeIgniter\CodeIgniter->handleRequest(NULL, Object(Config\Cache), false)
#10 C:\xampp\htdocs\eseo-crm\index.php(67): CodeIgniter\CodeIgniter->run()
#11 {main}

Next CodeIgniter\Database\Exceptions\DatabaseException: No connection could be made because the target machine actively refused it in C:\xampp\htdocs\eseo-crm\system\Database\MySQLi\Connection.php:218
Stack trace:
#0 C:\xampp\htdocs\eseo-crm\system\Database\BaseConnection.php(391): CodeIgniter\Database\MySQLi\Connection->connect(false)
#1 C:\xampp\htdocs\eseo-crm\system\Database\BaseConnection.php(574): CodeIgniter\Database\BaseConnection->initialize()
#2 C:\xampp\htdocs\eseo-crm\system\Database\BaseBuilder.php(1616): CodeIgniter\Database\BaseConnection->query('SELECT *\nFROM `...', Array, false)
#3 C:\xampp\htdocs\eseo-crm\system\Model.php(268): CodeIgniter\Database\BaseBuilder->get()
#4 C:\xampp\htdocs\eseo-crm\system\BaseModel.php(656): CodeIgniter\Model->doFirst()
#5 C:\xampp\htdocs\eseo-crm\app\Controllers\UsersController.php(51): CodeIgniter\BaseModel->first()
#6 C:\xampp\htdocs\eseo-crm\system\CodeIgniter.php(932): App\Controllers\UsersController->loginAuth()
#7 C:\xampp\htdocs\eseo-crm\system\CodeIgniter.php(497): CodeIgniter\CodeIgniter->runController(Object(App\Controllers\UsersController))
#8 C:\xampp\htdocs\eseo-crm\system\CodeIgniter.php(366): CodeIgniter\CodeIgniter->handleRequest(NULL, Object(Config\Cache), false)
#9 C:\xampp\htdocs\eseo-crm\index.php(67): CodeIgniter\CodeIgniter->run()
#10 {main}
CRITICAL - 2023-09-12 06:01:43 --> Unable to connect to the database.
Main connection [MySQLi]: No connection could be made because the target machine actively refused it
in SYSTEMPATH\Database\BaseConnection.php on line 427.
 1 SYSTEMPATH\Database\BaseConnection.php(574): CodeIgniter\Database\BaseConnection->initialize()
 2 SYSTEMPATH\Database\BaseBuilder.php(1616): CodeIgniter\Database\BaseConnection->query('SELECT *
FROM `users`
WHERE `email` = :email:
 LIMIT 1', [...], false)
 3 SYSTEMPATH\Model.php(268): CodeIgniter\Database\BaseBuilder->get()
 4 SYSTEMPATH\BaseModel.php(656): CodeIgniter\Model->doFirst()
 5 APPPATH\Controllers\UsersController.php(51): CodeIgniter\BaseModel->first()
 6 SYSTEMPATH\CodeIgniter.php(932): App\Controllers\UsersController->loginAuth()
 7 SYSTEMPATH\CodeIgniter.php(497): CodeIgniter\CodeIgniter->runController(Object(App\Controllers\UsersController))
 8 SYSTEMPATH\CodeIgniter.php(366): CodeIgniter\CodeIgniter->handleRequest(null, Object(Config\Cache), false)
 9 FCPATH\index.php(67): CodeIgniter\CodeIgniter->run()
INFO - 2023-09-12 06:03:38 --> Session: Class initialized using 'CodeIgniter\Session\Handlers\FileHandler' driver.
INFO - 2023-09-12 06:03:38 --> Session: Class initialized using 'CodeIgniter\Session\Handlers\FileHandler' driver.
INFO - 2023-09-12 06:03:43 --> Session: Class initialized using 'CodeIgniter\Session\Handlers\FileHandler' driver.
INFO - 2023-09-12 06:03:45 --> Session: Class initialized using 'CodeIgniter\Session\Handlers\FileHandler' driver.
INFO - 2023-09-12 06:04:52 --> Session: Class initialized using 'CodeIgniter\Session\Handlers\FileHandler' driver.
INFO - 2023-09-12 06:04:54 --> Session: Class initialized using 'CodeIgniter\Session\Handlers\FileHandler' driver.
INFO - 2023-09-12 06:05:17 --> Session: Class initialized using 'CodeIgniter\Session\Handlers\FileHandler' driver.
INFO - 2023-09-12 06:05:19 --> Session: Class initialized using 'CodeIgniter\Session\Handlers\FileHandler' driver.
INFO - 2023-09-12 06:05:22 --> Session: Class initialized using 'CodeIgniter\Session\Handlers\FileHandler' driver.
INFO - 2023-09-12 06:07:41 --> Session: Class initialized using 'CodeIgniter\Session\Handlers\FileHandler' driver.
INFO - 2023-09-12 06:07:46 --> Session: Class initialized using 'CodeIgniter\Session\Handlers\FileHandler' driver.
INFO - 2023-09-12 06:08:12 --> Session: Class initialized using 'CodeIgniter\Session\Handlers\FileHandler' driver.
INFO - 2023-09-12 07:07:31 --> Session: Class initialized using 'CodeIgniter\Session\Handlers\FileHandler' driver.
INFO - 2023-09-12 07:07:38 --> Session: Class initialized using 'CodeIgniter\Session\Handlers\FileHandler' driver.
ERROR - 2023-09-12 07:07:38 --> mysqli_sql_exception: Unknown column 'currencies.name' in 'field list' in C:\xampp\htdocs\eseo-crm\system\Database\MySQLi\Connection.php:295
Stack trace:
#0 C:\xampp\htdocs\eseo-crm\system\Database\MySQLi\Connection.php(295): mysqli->query('SELECT `guestpo...', 0)
#1 C:\xampp\htdocs\eseo-crm\system\Database\BaseConnection.php(692): CodeIgniter\Database\MySQLi\Connection->execute('SELECT `guestpo...')
#2 C:\xampp\htdocs\eseo-crm\system\Database\BaseConnection.php(606): CodeIgniter\Database\BaseConnection->simpleQuery('SELECT `guestpo...')
#3 C:\xampp\htdocs\eseo-crm\system\Database\BaseBuilder.php(1616): CodeIgniter\Database\BaseConnection->query('SELECT `guestpo...', Array, false)
#4 C:\xampp\htdocs\eseo-crm\system\Model.php(241): CodeIgniter\Database\BaseBuilder->get()
#5 C:\xampp\htdocs\eseo-crm\system\BaseModel.php(618): CodeIgniter\Model->doFindAll(0, 0)
#6 C:\xampp\htdocs\eseo-crm\app\Controllers\AdminController.php(377): CodeIgniter\BaseModel->findAll()
#7 C:\xampp\htdocs\eseo-crm\system\CodeIgniter.php(932): App\Controllers\AdminController->guestpost_leads_date_range()
#8 C:\xampp\htdocs\eseo-crm\system\CodeIgniter.php(497): CodeIgniter\CodeIgniter->runController(Object(App\Controllers\AdminController))
#9 C:\xampp\htdocs\eseo-crm\system\CodeIgniter.php(366): CodeIgniter\CodeIgniter->handleRequest(NULL, Object(Config\Cache), false)
#10 C:\xampp\htdocs\eseo-crm\index.php(67): CodeIgniter\CodeIgniter->run()
#11 {main}
CRITICAL - 2023-09-12 07:07:38 --> Unknown column 'currencies.name' in 'field list'
in SYSTEMPATH\Database\MySQLi\Connection.php on line 295.
 1 SYSTEMPATH\Database\MySQLi\Connection.php(295): mysqli->query('SELECT `guestpost_leads`.`id`, `guestpost_leads`.`payment_approvel`, `guestpost_leads`.`user_id`, `guestpost_leads`.`role_id`, `guestpost_leads`.`link`, `guestpost_leads`.`amount`, `guestpost_leads`.`currency_id`, `guestpost_leads`.`payment_mode_id`, `guestpost_leads`.`payment_status`, `guestpost_leads`.`reference_number`, `guestpost_leads`.`created_at`, `users`.`id` as `userid`, `users`.`name` as `username`, `projects`.`id` as `project_id`, `projects`.`name` as `project_name`, `currencies`.`name` as `currency_name`
FROM `guestpost_leads`
LEFT JOIN `users` ON `users`.`id` = `guestpost_leads`.`user_id`
LEFT JOIN `projects` ON `projects`.`id` = `guestpost_leads`.`project_id`
WHERE DATE(guestpost_leads.created_at) >= \'2023-08-14\'
AND DATE(guestpost_leads.created_at) <= \'2023-09-12\'
ORDER BY `guestpost_leads`.`id` DESC', 0)
 2 SYSTEMPATH\Database\BaseConnection.php(692): CodeIgniter\Database\MySQLi\Connection->execute('SELECT `guestpost_leads`.`id`, `guestpost_leads`.`payment_approvel`, `guestpost_leads`.`user_id`, `guestpost_leads`.`role_id`, `guestpost_leads`.`link`, `guestpost_leads`.`amount`, `guestpost_leads`.`currency_id`, `guestpost_leads`.`payment_mode_id`, `guestpost_leads`.`payment_status`, `guestpost_leads`.`reference_number`, `guestpost_leads`.`created_at`, `users`.`id` as `userid`, `users`.`name` as `username`, `projects`.`id` as `project_id`, `projects`.`name` as `project_name`, `currencies`.`name` as `currency_name`
FROM `guestpost_leads`
LEFT JOIN `users` ON `users`.`id` = `guestpost_leads`.`user_id`
LEFT JOIN `projects` ON `projects`.`id` = `guestpost_leads`.`project_id`
WHERE DATE(guestpost_leads.created_at) >= \'2023-08-14\'
AND DATE(guestpost_leads.created_at) <= \'2023-09-12\'
ORDER BY `guestpost_leads`.`id` DESC')
 3 SYSTEMPATH\Database\BaseConnection.php(606): CodeIgniter\Database\BaseConnection->simpleQuery('SELECT `guestpost_leads`.`id`, `guestpost_leads`.`payment_approvel`, `guestpost_leads`.`user_id`, `guestpost_leads`.`role_id`, `guestpost_leads`.`link`, `guestpost_leads`.`amount`, `guestpost_leads`.`currency_id`, `guestpost_leads`.`payment_mode_id`, `guestpost_leads`.`payment_status`, `guestpost_leads`.`reference_number`, `guestpost_leads`.`created_at`, `users`.`id` as `userid`, `users`.`name` as `username`, `projects`.`id` as `project_id`, `projects`.`name` as `project_name`, `currencies`.`name` as `currency_name`
FROM `guestpost_leads`
LEFT JOIN `users` ON `users`.`id` = `guestpost_leads`.`user_id`
LEFT JOIN `projects` ON `projects`.`id` = `guestpost_leads`.`project_id`
WHERE DATE(guestpost_leads.created_at) >= \'2023-08-14\'
AND DATE(guestpost_leads.created_at) <= \'2023-09-12\'
ORDER BY `guestpost_leads`.`id` DESC')
 4 SYSTEMPATH\Database\BaseBuilder.php(1616): CodeIgniter\Database\BaseConnection->query('SELECT `guestpost_leads`.`id`, `guestpost_leads`.`payment_approvel`, `guestpost_leads`.`user_id`, `guestpost_leads`.`role_id`, `guestpost_leads`.`link`, `guestpost_leads`.`amount`, `guestpost_leads`.`currency_id`, `guestpost_leads`.`payment_mode_id`, `guestpost_leads`.`payment_status`, `guestpost_leads`.`reference_number`, `guestpost_leads`.`created_at`, `users`.`id` as `userid`, `users`.`name` as `username`, `projects`.`id` as `project_id`, `projects`.`name` as `project_name`, `currencies`.`name` as `currency_name`
FROM `guestpost_leads`
LEFT JOIN `users` ON `users`.`id` = `guestpost_leads`.`user_id`
LEFT JOIN `projects` ON `projects`.`id` = `guestpost_leads`.`project_id`
WHERE DATE(guestpost_leads.created_at) >= :DATE(guestpost_leads.created_at):
AND DATE(guestpost_leads.created_at) <= :DATE(guestpost_leads.created_at).1:
ORDER BY `guestpost_leads`.`id` DESC', [...], false)
 5 SYSTEMPATH\Model.php(241): CodeIgniter\Database\BaseBuilder->get()
 6 SYSTEMPATH\BaseModel.php(618): CodeIgniter\Model->doFindAll(0, 0)
 7 APPPATH\Controllers\AdminController.php(377): CodeIgniter\BaseModel->findAll()
 8 SYSTEMPATH\CodeIgniter.php(932): App\Controllers\AdminController->guestpost_leads_date_range()
 9 SYSTEMPATH\CodeIgniter.php(497): CodeIgniter\CodeIgniter->runController(Object(App\Controllers\AdminController))
10 SYSTEMPATH\CodeIgniter.php(366): CodeIgniter\CodeIgniter->handleRequest(null, Object(Config\Cache), false)
11 FCPATH\index.php(67): CodeIgniter\CodeIgniter->run()
INFO - 2023-09-12 07:07:49 --> Session: Class initialized using 'CodeIgniter\Session\Handlers\FileHandler' driver.
INFO - 2023-09-12 07:07:55 --> Session: Class initialized using 'CodeIgniter\Session\Handlers\FileHandler' driver.
ERROR - 2023-09-12 07:07:55 --> mysqli_sql_exception: Unknown column 'currencies.name' in 'field list' in C:\xampp\htdocs\eseo-crm\system\Database\MySQLi\Connection.php:295
Stack trace:
#0 C:\xampp\htdocs\eseo-crm\system\Database\MySQLi\Connection.php(295): mysqli->query('SELECT `guestpo...', 0)
#1 C:\xampp\htdocs\eseo-crm\system\Database\BaseConnection.php(692): CodeIgniter\Database\MySQLi\Connection->execute('SELECT `guestpo...')
#2 C:\xampp\htdocs\eseo-crm\system\Database\BaseConnection.php(606): CodeIgniter\Database\BaseConnection->simpleQuery('SELECT `guestpo...')
#3 C:\xampp\htdocs\eseo-crm\system\Database\BaseBuilder.php(1616): CodeIgniter\Database\BaseConnection->query('SELECT `guestpo...', Array, false)
#4 C:\xampp\htdocs\eseo-crm\system\Model.php(241): CodeIgniter\Database\BaseBuilder->get()
#5 C:\xampp\htdocs\eseo-crm\system\BaseModel.php(618): CodeIgniter\Model->doFindAll(0, 0)
#6 C:\xampp\htdocs\eseo-crm\app\Controllers\AdminController.php(377): CodeIgniter\BaseModel->findAll()
#7 C:\xampp\htdocs\eseo-crm\system\CodeIgniter.php(932): App\Controllers\AdminController->guestpost_leads_date_range()
#8 C:\xampp\htdocs\eseo-crm\system\CodeIgniter.php(497): CodeIgniter\CodeIgniter->runController(Object(App\Controllers\AdminController))
#9 C:\xampp\htdocs\eseo-crm\system\CodeIgniter.php(366): CodeIgniter\CodeIgniter->handleRequest(NULL, Object(Config\Cache), false)
#10 C:\xampp\htdocs\eseo-crm\index.php(67): CodeIgniter\CodeIgniter->run()
#11 {main}
CRITICAL - 2023-09-12 07:07:55 --> Unknown column 'currencies.name' in 'field list'
in SYSTEMPATH\Database\MySQLi\Connection.php on line 295.
 1 SYSTEMPATH\Database\MySQLi\Connection.php(295): mysqli->query('SELECT `guestpost_leads`.`id`, `guestpost_leads`.`payment_approvel`, `guestpost_leads`.`user_id`, `guestpost_leads`.`role_id`, `guestpost_leads`.`link`, `guestpost_leads`.`amount`, `guestpost_leads`.`currency_id`, `guestpost_leads`.`payment_mode_id`, `guestpost_leads`.`payment_status`, `guestpost_leads`.`reference_number`, `guestpost_leads`.`created_at`, `users`.`id` as `userid`, `users`.`name` as `username`, `projects`.`id` as `project_id`, `projects`.`name` as `project_name`, `currencies`.`name` as `currency_name`
FROM `guestpost_leads`
LEFT JOIN `users` ON `users`.`id` = `guestpost_leads`.`user_id`
LEFT JOIN `projects` ON `projects`.`id` = `guestpost_leads`.`project_id`
WHERE DATE(guestpost_leads.created_at) >= \'2023-08-14\'
AND DATE(guestpost_leads.created_at) <= \'2023-09-12\'
ORDER BY `guestpost_leads`.`id` DESC', 0)
 2 SYSTEMPATH\Database\BaseConnection.php(692): CodeIgniter\Database\MySQLi\Connection->execute('SELECT `guestpost_leads`.`id`, `guestpost_leads`.`payment_approvel`, `guestpost_leads`.`user_id`, `guestpost_leads`.`role_id`, `guestpost_leads`.`link`, `guestpost_leads`.`amount`, `guestpost_leads`.`currency_id`, `guestpost_leads`.`payment_mode_id`, `guestpost_leads`.`payment_status`, `guestpost_leads`.`reference_number`, `guestpost_leads`.`created_at`, `users`.`id` as `userid`, `users`.`name` as `username`, `projects`.`id` as `project_id`, `projects`.`name` as `project_name`, `currencies`.`name` as `currency_name`
FROM `guestpost_leads`
LEFT JOIN `users` ON `users`.`id` = `guestpost_leads`.`user_id`
LEFT JOIN `projects` ON `projects`.`id` = `guestpost_leads`.`project_id`
WHERE DATE(guestpost_leads.created_at) >= \'2023-08-14\'
AND DATE(guestpost_leads.created_at) <= \'2023-09-12\'
ORDER BY `guestpost_leads`.`id` DESC')
 3 SYSTEMPATH\Database\BaseConnection.php(606): CodeIgniter\Database\BaseConnection->simpleQuery('SELECT `guestpost_leads`.`id`, `guestpost_leads`.`payment_approvel`, `guestpost_leads`.`user_id`, `guestpost_leads`.`role_id`, `guestpost_leads`.`link`, `guestpost_leads`.`amount`, `guestpost_leads`.`currency_id`, `guestpost_leads`.`payment_mode_id`, `guestpost_leads`.`payment_status`, `guestpost_leads`.`reference_number`, `guestpost_leads`.`created_at`, `users`.`id` as `userid`, `users`.`name` as `username`, `projects`.`id` as `project_id`, `projects`.`name` as `project_name`, `currencies`.`name` as `currency_name`
FROM `guestpost_leads`
LEFT JOIN `users` ON `users`.`id` = `guestpost_leads`.`user_id`
LEFT JOIN `projects` ON `projects`.`id` = `guestpost_leads`.`project_id`
WHERE DATE(guestpost_leads.created_at) >= \'2023-08-14\'
AND DATE(guestpost_leads.created_at) <= \'2023-09-12\'
ORDER BY `guestpost_leads`.`id` DESC')
 4 SYSTEMPATH\Database\BaseBuilder.php(1616): CodeIgniter\Database\BaseConnection->query('SELECT `guestpost_leads`.`id`, `guestpost_leads`.`payment_approvel`, `guestpost_leads`.`user_id`, `guestpost_leads`.`role_id`, `guestpost_leads`.`link`, `guestpost_leads`.`amount`, `guestpost_leads`.`currency_id`, `guestpost_leads`.`payment_mode_id`, `guestpost_leads`.`payment_status`, `guestpost_leads`.`reference_number`, `guestpost_leads`.`created_at`, `users`.`id` as `userid`, `users`.`name` as `username`, `projects`.`id` as `project_id`, `projects`.`name` as `project_name`, `currencies`.`name` as `currency_name`
FROM `guestpost_leads`
LEFT JOIN `users` ON `users`.`id` = `guestpost_leads`.`user_id`
LEFT JOIN `projects` ON `projects`.`id` = `guestpost_leads`.`project_id`
WHERE DATE(guestpost_leads.created_at) >= :DATE(guestpost_leads.created_at):
AND DATE(guestpost_leads.created_at) <= :DATE(guestpost_leads.created_at).1:
ORDER BY `guestpost_leads`.`id` DESC', [...], false)
 5 SYSTEMPATH\Model.php(241): CodeIgniter\Database\BaseBuilder->get()
 6 SYSTEMPATH\BaseModel.php(618): CodeIgniter\Model->doFindAll(0, 0)
 7 APPPATH\Controllers\AdminController.php(377): CodeIgniter\BaseModel->findAll()
 8 SYSTEMPATH\CodeIgniter.php(932): App\Controllers\AdminController->guestpost_leads_date_range()
 9 SYSTEMPATH\CodeIgniter.php(497): CodeIgniter\CodeIgniter->runController(Object(App\Controllers\AdminController))
10 SYSTEMPATH\CodeIgniter.php(366): CodeIgniter\CodeIgniter->handleRequest(null, Object(Config\Cache), false)
11 FCPATH\index.php(67): CodeIgniter\CodeIgniter->run()
INFO - 2023-09-12 07:08:04 --> Session: Class initialized using 'CodeIgniter\Session\Handlers\FileHandler' driver.
ERROR - 2023-09-12 07:08:04 --> mysqli_sql_exception: Unknown column 'currencies.name' in 'field list' in C:\xampp\htdocs\eseo-crm\system\Database\MySQLi\Connection.php:295
Stack trace:
#0 C:\xampp\htdocs\eseo-crm\system\Database\MySQLi\Connection.php(295): mysqli->query('SELECT `guestpo...', 0)
#1 C:\xampp\htdocs\eseo-crm\system\Database\BaseConnection.php(692): CodeIgniter\Database\MySQLi\Connection->execute('SELECT `guestpo...')
#2 C:\xampp\htdocs\eseo-crm\system\Database\BaseConnection.php(606): CodeIgniter\Database\BaseConnection->simpleQuery('SELECT `guestpo...')
#3 C:\xampp\htdocs\eseo-crm\system\Database\BaseBuilder.php(1616): CodeIgniter\Database\BaseConnection->query('SELECT `guestpo...', Array, false)
#4 C:\xampp\htdocs\eseo-crm\system\Model.php(241): CodeIgniter\Database\BaseBuilder->get()
#5 C:\xampp\htdocs\eseo-crm\system\BaseModel.php(618): CodeIgniter\Model->doFindAll(0, 0)
#6 C:\xampp\htdocs\eseo-crm\app\Controllers\AdminController.php(377): CodeIgniter\BaseModel->findAll()
#7 C:\xampp\htdocs\eseo-crm\system\CodeIgniter.php(932): App\Controllers\AdminController->guestpost_leads_date_range()
#8 C:\xampp\htdocs\eseo-crm\system\CodeIgniter.php(497): CodeIgniter\CodeIgniter->runController(Object(App\Controllers\AdminController))
#9 C:\xampp\htdocs\eseo-crm\system\CodeIgniter.php(366): CodeIgniter\CodeIgniter->handleRequest(NULL, Object(Config\Cache), false)
#10 C:\xampp\htdocs\eseo-crm\index.php(67): CodeIgniter\CodeIgniter->run()
#11 {main}
CRITICAL - 2023-09-12 07:08:04 --> Unknown column 'currencies.name' in 'field list'
in SYSTEMPATH\Database\MySQLi\Connection.php on line 295.
 1 SYSTEMPATH\Database\MySQLi\Connection.php(295): mysqli->query('SELECT `guestpost_leads`.`id`, `guestpost_leads`.`payment_approvel`, `guestpost_leads`.`user_id`, `guestpost_leads`.`role_id`, `guestpost_leads`.`link`, `guestpost_leads`.`amount`, `guestpost_leads`.`currency_id`, `guestpost_leads`.`payment_mode_id`, `guestpost_leads`.`payment_status`, `guestpost_leads`.`reference_number`, `guestpost_leads`.`created_at`, `users`.`id` as `userid`, `users`.`name` as `username`, `projects`.`id` as `project_id`, `projects`.`name` as `project_name`, `currencies`.`name` as `currency_name`
FROM `guestpost_leads`
LEFT JOIN `users` ON `users`.`id` = `guestpost_leads`.`user_id`
LEFT JOIN `projects` ON `projects`.`id` = `guestpost_leads`.`project_id`
WHERE DATE(guestpost_leads.created_at) >= \'2023-09-01\'
AND DATE(guestpost_leads.created_at) <= \'2023-09-30\'
ORDER BY `guestpost_leads`.`id` DESC', 0)
 2 SYSTEMPATH\Database\BaseConnection.php(692): CodeIgniter\Database\MySQLi\Connection->execute('SELECT `guestpost_leads`.`id`, `guestpost_leads`.`payment_approvel`, `guestpost_leads`.`user_id`, `guestpost_leads`.`role_id`, `guestpost_leads`.`link`, `guestpost_leads`.`amount`, `guestpost_leads`.`currency_id`, `guestpost_leads`.`payment_mode_id`, `guestpost_leads`.`payment_status`, `guestpost_leads`.`reference_number`, `guestpost_leads`.`created_at`, `users`.`id` as `userid`, `users`.`name` as `username`, `projects`.`id` as `project_id`, `projects`.`name` as `project_name`, `currencies`.`name` as `currency_name`
FROM `guestpost_leads`
LEFT JOIN `users` ON `users`.`id` = `guestpost_leads`.`user_id`
LEFT JOIN `projects` ON `projects`.`id` = `guestpost_leads`.`project_id`
WHERE DATE(guestpost_leads.created_at) >= \'2023-09-01\'
AND DATE(guestpost_leads.created_at) <= \'2023-09-30\'
ORDER BY `guestpost_leads`.`id` DESC')
 3 SYSTEMPATH\Database\BaseConnection.php(606): CodeIgniter\Database\BaseConnection->simpleQuery('SELECT `guestpost_leads`.`id`, `guestpost_leads`.`payment_approvel`, `guestpost_leads`.`user_id`, `guestpost_leads`.`role_id`, `guestpost_leads`.`link`, `guestpost_leads`.`amount`, `guestpost_leads`.`currency_id`, `guestpost_leads`.`payment_mode_id`, `guestpost_leads`.`payment_status`, `guestpost_leads`.`reference_number`, `guestpost_leads`.`created_at`, `users`.`id` as `userid`, `users`.`name` as `username`, `projects`.`id` as `project_id`, `projects`.`name` as `project_name`, `currencies`.`name` as `currency_name`
FROM `guestpost_leads`
LEFT JOIN `users` ON `users`.`id` = `guestpost_leads`.`user_id`
LEFT JOIN `projects` ON `projects`.`id` = `guestpost_leads`.`project_id`
WHERE DATE(guestpost_leads.created_at) >= \'2023-09-01\'
AND DATE(guestpost_leads.created_at) <= \'2023-09-30\'
ORDER BY `guestpost_leads`.`id` DESC')
 4 SYSTEMPATH\Database\BaseBuilder.php(1616): CodeIgniter\Database\BaseConnection->query('SELECT `guestpost_leads`.`id`, `guestpost_leads`.`payment_approvel`, `guestpost_leads`.`user_id`, `guestpost_leads`.`role_id`, `guestpost_leads`.`link`, `guestpost_leads`.`amount`, `guestpost_leads`.`currency_id`, `guestpost_leads`.`payment_mode_id`, `guestpost_leads`.`payment_status`, `guestpost_leads`.`reference_number`, `guestpost_leads`.`created_at`, `users`.`id` as `userid`, `users`.`name` as `username`, `projects`.`id` as `project_id`, `projects`.`name` as `project_name`, `currencies`.`name` as `currency_name`
FROM `guestpost_leads`
LEFT JOIN `users` ON `users`.`id` = `guestpost_leads`.`user_id`
LEFT JOIN `projects` ON `projects`.`id` = `guestpost_leads`.`project_id`
WHERE DATE(guestpost_leads.created_at) >= :DATE(guestpost_leads.created_at):
AND DATE(guestpost_leads.created_at) <= :DATE(guestpost_leads.created_at).1:
ORDER BY `guestpost_leads`.`id` DESC', [...], false)
 5 SYSTEMPATH\Model.php(241): CodeIgniter\Database\BaseBuilder->get()
 6 SYSTEMPATH\BaseModel.php(618): CodeIgniter\Model->doFindAll(0, 0)
 7 APPPATH\Controllers\AdminController.php(377): CodeIgniter\BaseModel->findAll()
 8 SYSTEMPATH\CodeIgniter.php(932): App\Controllers\AdminController->guestpost_leads_date_range()
 9 SYSTEMPATH\CodeIgniter.php(497): CodeIgniter\CodeIgniter->runController(Object(App\Controllers\AdminController))
10 SYSTEMPATH\CodeIgniter.php(366): CodeIgniter\CodeIgniter->handleRequest(null, Object(Config\Cache), false)
11 FCPATH\index.php(67): CodeIgniter\CodeIgniter->run()
INFO - 2023-09-12 07:08:09 --> Session: Class initialized using 'CodeIgniter\Session\Handlers\FileHandler' driver.
INFO - 2023-09-12 07:08:14 --> Session: Class initialized using 'CodeIgniter\Session\Handlers\FileHandler' driver.
ERROR - 2023-09-12 07:08:14 --> mysqli_sql_exception: Unknown column 'currencies.name' in 'field list' in C:\xampp\htdocs\eseo-crm\system\Database\MySQLi\Connection.php:295
Stack trace:
#0 C:\xampp\htdocs\eseo-crm\system\Database\MySQLi\Connection.php(295): mysqli->query('SELECT `guestpo...', 0)
#1 C:\xampp\htdocs\eseo-crm\system\Database\BaseConnection.php(692): CodeIgniter\Database\MySQLi\Connection->execute('SELECT `guestpo...')
#2 C:\xampp\htdocs\eseo-crm\system\Database\BaseConnection.php(606): CodeIgniter\Database\BaseConnection->simpleQuery('SELECT `guestpo...')
#3 C:\xampp\htdocs\eseo-crm\system\Database\BaseBuilder.php(1616): CodeIgniter\Database\BaseConnection->query('SELECT `guestpo...', Array, false)
#4 C:\xampp\htdocs\eseo-crm\system\Model.php(241): CodeIgniter\Database\BaseBuilder->get()
#5 C:\xampp\htdocs\eseo-crm\system\BaseModel.php(618): CodeIgniter\Model->doFindAll(0, 0)
#6 C:\xampp\htdocs\eseo-crm\app\Controllers\AdminController.php(377): CodeIgniter\BaseModel->findAll()
#7 C:\xampp\htdocs\eseo-crm\system\CodeIgniter.php(932): App\Controllers\AdminController->guestpost_leads_date_range()
#8 C:\xampp\htdocs\eseo-crm\system\CodeIgniter.php(497): CodeIgniter\CodeIgniter->runController(Object(App\Controllers\AdminController))
#9 C:\xampp\htdocs\eseo-crm\system\CodeIgniter.php(366): CodeIgniter\CodeIgniter->handleRequest(NULL, Object(Config\Cache), false)
#10 C:\xampp\htdocs\eseo-crm\index.php(67): CodeIgniter\CodeIgniter->run()
#11 {main}
CRITICAL - 2023-09-12 07:08:14 --> Unknown column 'currencies.name' in 'field list'
in SYSTEMPATH\Database\MySQLi\Connection.php on line 295.
 1 SYSTEMPATH\Database\MySQLi\Connection.php(295): mysqli->query('SELECT `guestpost_leads`.`id`, `guestpost_leads`.`payment_approvel`, `guestpost_leads`.`user_id`, `guestpost_leads`.`role_id`, `guestpost_leads`.`link`, `guestpost_leads`.`amount`, `guestpost_leads`.`currency_id`, `guestpost_leads`.`payment_mode_id`, `guestpost_leads`.`payment_status`, `guestpost_leads`.`reference_number`, `guestpost_leads`.`created_at`, `users`.`id` as `userid`, `users`.`name` as `username`, `projects`.`id` as `project_id`, `projects`.`name` as `project_name`, `currencies`.`name` as `currency_name`
FROM `guestpost_leads`
LEFT JOIN `users` ON `users`.`id` = `guestpost_leads`.`user_id`
LEFT JOIN `projects` ON `projects`.`id` = `guestpost_leads`.`project_id`
WHERE DATE(guestpost_leads.created_at) >= \'2023-08-14\'
AND DATE(guestpost_leads.created_at) <= \'2023-09-12\'
ORDER BY `guestpost_leads`.`id` DESC', 0)
 2 SYSTEMPATH\Database\BaseConnection.php(692): CodeIgniter\Database\MySQLi\Connection->execute('SELECT `guestpost_leads`.`id`, `guestpost_leads`.`payment_approvel`, `guestpost_leads`.`user_id`, `guestpost_leads`.`role_id`, `guestpost_leads`.`link`, `guestpost_leads`.`amount`, `guestpost_leads`.`currency_id`, `guestpost_leads`.`payment_mode_id`, `guestpost_leads`.`payment_status`, `guestpost_leads`.`reference_number`, `guestpost_leads`.`created_at`, `users`.`id` as `userid`, `users`.`name` as `username`, `projects`.`id` as `project_id`, `projects`.`name` as `project_name`, `currencies`.`name` as `currency_name`
FROM `guestpost_leads`
LEFT JOIN `users` ON `users`.`id` = `guestpost_leads`.`user_id`
LEFT JOIN `projects` ON `projects`.`id` = `guestpost_leads`.`project_id`
WHERE DATE(guestpost_leads.created_at) >= \'2023-08-14\'
AND DATE(guestpost_leads.created_at) <= \'2023-09-12\'
ORDER BY `guestpost_leads`.`id` DESC')
 3 SYSTEMPATH\Database\BaseConnection.php(606): CodeIgniter\Database\BaseConnection->simpleQuery('SELECT `guestpost_leads`.`id`, `guestpost_leads`.`payment_approvel`, `guestpost_leads`.`user_id`, `guestpost_leads`.`role_id`, `guestpost_leads`.`link`, `guestpost_leads`.`amount`, `guestpost_leads`.`currency_id`, `guestpost_leads`.`payment_mode_id`, `guestpost_leads`.`payment_status`, `guestpost_leads`.`reference_number`, `guestpost_leads`.`created_at`, `users`.`id` as `userid`, `users`.`name` as `username`, `projects`.`id` as `project_id`, `projects`.`name` as `project_name`, `currencies`.`name` as `currency_name`
FROM `guestpost_leads`
LEFT JOIN `users` ON `users`.`id` = `guestpost_leads`.`user_id`
LEFT JOIN `projects` ON `projects`.`id` = `guestpost_leads`.`project_id`
WHERE DATE(guestpost_leads.created_at) >= \'2023-08-14\'
AND DATE(guestpost_leads.created_at) <= \'2023-09-12\'
ORDER BY `guestpost_leads`.`id` DESC')
 4 SYSTEMPATH\Database\BaseBuilder.php(1616): CodeIgniter\Database\BaseConnection->query('SELECT `guestpost_leads`.`id`, `guestpost_leads`.`payment_approvel`, `guestpost_leads`.`user_id`, `guestpost_leads`.`role_id`, `guestpost_leads`.`link`, `guestpost_leads`.`amount`, `guestpost_leads`.`currency_id`, `guestpost_leads`.`payment_mode_id`, `guestpost_leads`.`payment_status`, `guestpost_leads`.`reference_number`, `guestpost_leads`.`created_at`, `users`.`id` as `userid`, `users`.`name` as `username`, `projects`.`id` as `project_id`, `projects`.`name` as `project_name`, `currencies`.`name` as `currency_name`
FROM `guestpost_leads`
LEFT JOIN `users` ON `users`.`id` = `guestpost_leads`.`user_id`
LEFT JOIN `projects` ON `projects`.`id` = `guestpost_leads`.`project_id`
WHERE DATE(guestpost_leads.created_at) >= :DATE(guestpost_leads.created_at):
AND DATE(guestpost_leads.created_at) <= :DATE(guestpost_leads.created_at).1:
ORDER BY `guestpost_leads`.`id` DESC', [...], false)
 5 SYSTEMPATH\Model.php(241): CodeIgniter\Database\BaseBuilder->get()
 6 SYSTEMPATH\BaseModel.php(618): CodeIgniter\Model->doFindAll(0, 0)
 7 APPPATH\Controllers\AdminController.php(377): CodeIgniter\BaseModel->findAll()
 8 SYSTEMPATH\CodeIgniter.php(932): App\Controllers\AdminController->guestpost_leads_date_range()
 9 SYSTEMPATH\CodeIgniter.php(497): CodeIgniter\CodeIgniter->runController(Object(App\Controllers\AdminController))
10 SYSTEMPATH\CodeIgniter.php(366): CodeIgniter\CodeIgniter->handleRequest(null, Object(Config\Cache), false)
11 FCPATH\index.php(67): CodeIgniter\CodeIgniter->run()
INFO - 2023-09-12 07:10:45 --> Session: Class initialized using 'CodeIgniter\Session\Handlers\FileHandler' driver.
INFO - 2023-09-12 07:10:48 --> Session: Class initialized using 'CodeIgniter\Session\Handlers\FileHandler' driver.
INFO - 2023-09-12 07:12:49 --> Session: Class initialized using 'CodeIgniter\Session\Handlers\FileHandler' driver.
INFO - 2023-09-12 07:12:52 --> Session: Class initialized using 'CodeIgniter\Session\Handlers\FileHandler' driver.
INFO - 2023-09-12 07:12:56 --> Session: Class initialized using 'CodeIgniter\Session\Handlers\FileHandler' driver.
INFO - 2023-09-12 07:13:12 --> Session: Class initialized using 'CodeIgniter\Session\Handlers\FileHandler' driver.
INFO - 2023-09-12 07:13:19 --> Session: Class initialized using 'CodeIgniter\Session\Handlers\FileHandler' driver.
INFO - 2023-09-12 07:14:34 --> Session: Class initialized using 'CodeIgniter\Session\Handlers\FileHandler' driver.
INFO - 2023-09-12 07:14:37 --> Session: Class initialized using 'CodeIgniter\Session\Handlers\FileHandler' driver.
INFO - 2023-09-12 07:16:02 --> Session: Class initialized using 'CodeIgniter\Session\Handlers\FileHandler' driver.
CRITICAL - 2023-09-12 07:16:02 --> Trying to access array offset on value of type null
in APPPATH\Views\admin\edit-guestpost.php on line 42.
 1 APPPATH\Views\admin\edit-guestpost.php(42): CodeIgniter\Debug\Exceptions->errorHandler(2, 'Trying to access array offset on value of type null', 'C:\\xampp\\htdocs\\eseo-crm\\app\\Views\\admin\\edit-guestpost.php', 42)
 2 SYSTEMPATH\View\View.php(224): include('C:\\xampp\\htdocs\\eseo-crm\\app\\Views\\admin\\edit-guestpost.php')
 3 SYSTEMPATH\View\View.php(227): CodeIgniter\View\View->CodeIgniter\View\{closure}()
 4 SYSTEMPATH\Common.php(1176): CodeIgniter\View\View->render('admin/edit-guestpost', [], true)
 5 APPPATH\Controllers\AdminController.php(195): view('admin/edit-guestpost', [...])
 6 SYSTEMPATH\CodeIgniter.php(932): App\Controllers\AdminController->edit_guestpost('2')
 7 SYSTEMPATH\CodeIgniter.php(497): CodeIgniter\CodeIgniter->runController(Object(App\Controllers\AdminController))
 8 SYSTEMPATH\CodeIgniter.php(366): CodeIgniter\CodeIgniter->handleRequest(null, Object(Config\Cache), false)
 9 FCPATH\index.php(67): CodeIgniter\CodeIgniter->run()
INFO - 2023-09-12 07:17:32 --> Session: Class initialized using 'CodeIgniter\Session\Handlers\FileHandler' driver.
INFO - 2023-09-12 07:17:41 --> Session: Class initialized using 'CodeIgniter\Session\Handlers\FileHandler' driver.
INFO - 2023-09-12 07:17:45 --> Session: Class initialized using 'CodeIgniter\Session\Handlers\FileHandler' driver.
INFO - 2023-09-12 07:18:43 --> Session: Class initialized using 'CodeIgniter\Session\Handlers\FileHandler' driver.
INFO - 2023-09-12 07:18:45 --> Session: Class initialized using 'CodeIgniter\Session\Handlers\FileHandler' driver.
INFO - 2023-09-12 07:18:48 --> Session: Class initialized using 'CodeIgniter\Session\Handlers\FileHandler' driver.
INFO - 2023-09-12 07:18:50 --> Session: Class initialized using 'CodeIgniter\Session\Handlers\FileHandler' driver.
INFO - 2023-09-12 07:18:55 --> Session: Class initialized using 'CodeIgniter\Session\Handlers\FileHandler' driver.
INFO - 2023-09-12 07:18:57 --> Session: Class initialized using 'CodeIgniter\Session\Handlers\FileHandler' driver.
INFO - 2023-09-12 07:19:50 --> Session: Class initialized using 'CodeIgniter\Session\Handlers\FileHandler' driver.
INFO - 2023-09-12 07:19:57 --> Session: Class initialized using 'CodeIgniter\Session\Handlers\FileHandler' driver.
INFO - 2023-09-12 07:19:59 --> Session: Class initialized using 'CodeIgniter\Session\Handlers\FileHandler' driver.
INFO - 2023-09-12 07:20:00 --> Session: Class initialized using 'CodeIgniter\Session\Handlers\FileHandler' driver.
INFO - 2023-09-12 07:20:14 --> Session: Class initialized using 'CodeIgniter\Session\Handlers\FileHandler' driver.
INFO - 2023-09-12 07:20:16 --> Session: Class initialized using 'CodeIgniter\Session\Handlers\FileHandler' driver.
INFO - 2023-09-12 07:21:22 --> Session: Class initialized using 'CodeIgniter\Session\Handlers\FileHandler' driver.
INFO - 2023-09-12 07:21:28 --> Session: Class initialized using 'CodeIgniter\Session\Handlers\FileHandler' driver.
INFO - 2023-09-12 07:25:08 --> Session: Class initialized using 'CodeIgniter\Session\Handlers\FileHandler' driver.
INFO - 2023-09-12 07:25:08 --> Session: Class initialized using 'CodeIgniter\Session\Handlers\FileHandler' driver.
INFO - 2023-09-12 07:25:17 --> Session: Class initialized using 'CodeIgniter\Session\Handlers\FileHandler' driver.
INFO - 2023-09-12 07:25:17 --> Session: Class initialized using 'CodeIgniter\Session\Handlers\FileHandler' driver.
INFO - 2023-09-12 07:25:28 --> Session: Class initialized using 'CodeIgniter\Session\Handlers\FileHandler' driver.
INFO - 2023-09-12 07:30:27 --> Session: Class initialized using 'CodeIgniter\Session\Handlers\FileHandler' driver.
INFO - 2023-09-12 07:31:31 --> Session: Class initialized using 'CodeIgniter\Session\Handlers\FileHandler' driver.
INFO - 2023-09-12 07:31:42 --> Session: Class initialized using 'CodeIgniter\Session\Handlers\FileHandler' driver.
INFO - 2023-09-12 07:31:52 --> Session: Class initialized using 'CodeIgniter\Session\Handlers\FileHandler' driver.
INFO - 2023-09-12 07:32:56 --> Session: Class initialized using 'CodeIgniter\Session\Handlers\FileHandler' driver.
INFO - 2023-09-12 07:33:28 --> Session: Class initialized using 'CodeIgniter\Session\Handlers\FileHandler' driver.
INFO - 2023-09-12 07:46:52 --> Session: Class initialized using 'CodeIgniter\Session\Handlers\FileHandler' driver.
INFO - 2023-09-12 07:47:36 --> Session: Class initialized using 'CodeIgniter\Session\Handlers\FileHandler' driver.
INFO - 2023-09-12 07:49:47 --> Session: Class initialized using 'CodeIgniter\Session\Handlers\FileHandler' driver.
INFO - 2023-09-12 08:43:04 --> Session: Class initialized using 'CodeIgniter\Session\Handlers\FileHandler' driver.
INFO - 2023-09-12 08:44:07 --> Session: Class initialized using 'CodeIgniter\Session\Handlers\FileHandler' driver.
INFO - 2023-09-12 08:44:11 --> Session: Class initialized using 'CodeIgniter\Session\Handlers\FileHandler' driver.
INFO - 2023-09-12 08:47:29 --> Session: Class initialized using 'CodeIgniter\Session\Handlers\FileHandler' driver.
INFO - 2023-09-12 08:52:21 --> Session: Class initialized using 'CodeIgniter\Session\Handlers\FileHandler' driver.
INFO - 2023-09-12 08:55:40 --> Session: Class initialized using 'CodeIgniter\Session\Handlers\FileHandler' driver.
INFO - 2023-09-12 08:55:53 --> Session: Class initialized using 'CodeIgniter\Session\Handlers\FileHandler' driver.
INFO - 2023-09-12 08:56:35 --> Session: Class initialized using 'CodeIgniter\Session\Handlers\FileHandler' driver.
INFO - 2023-09-12 08:59:51 --> Session: Class initialized using 'CodeIgniter\Session\Handlers\FileHandler' driver.
INFO - 2023-09-12 09:01:48 --> Session: Class initialized using 'CodeIgniter\Session\Handlers\FileHandler' driver.
INFO - 2023-09-12 09:29:23 --> Session: Class initialized using 'CodeIgniter\Session\Handlers\FileHandler' driver.
INFO - 2023-09-12 09:30:02 --> Session: Class initialized using 'CodeIgniter\Session\Handlers\FileHandler' driver.
INFO - 2023-09-12 09:30:02 --> Session: Class initialized using 'CodeIgniter\Session\Handlers\FileHandler' driver.
INFO - 2023-09-12 09:31:17 --> Session: Class initialized using 'CodeIgniter\Session\Handlers\FileHandler' driver.
INFO - 2023-09-12 09:31:29 --> Session: Class initialized using 'CodeIgniter\Session\Handlers\FileHandler' driver.
INFO - 2023-09-12 09:32:00 --> Session: Class initialized using 'CodeIgniter\Session\Handlers\FileHandler' driver.
INFO - 2023-09-12 09:32:00 --> Session: Class initialized using 'CodeIgniter\Session\Handlers\FileHandler' driver.
INFO - 2023-09-12 09:33:35 --> Session: Class initialized using 'CodeIgniter\Session\Handlers\FileHandler' driver.
INFO - 2023-09-12 09:33:54 --> Session: Class initialized using 'CodeIgniter\Session\Handlers\FileHandler' driver.
INFO - 2023-09-12 09:33:54 --> Session: Class initialized using 'CodeIgniter\Session\Handlers\FileHandler' driver.
INFO - 2023-09-12 09:37:29 --> Session: Class initialized using 'CodeIgniter\Session\Handlers\FileHandler' driver.
INFO - 2023-09-12 09:37:45 --> Session: Class initialized using 'CodeIgniter\Session\Handlers\FileHandler' driver.
INFO - 2023-09-12 09:37:45 --> Session: Class initialized using 'CodeIgniter\Session\Handlers\FileHandler' driver.
INFO - 2023-09-12 09:51:08 --> Session: Class initialized using 'CodeIgniter\Session\Handlers\FileHandler' driver.
INFO - 2023-09-12 09:51:11 --> Session: Class initialized using 'CodeIgniter\Session\Handlers\FileHandler' driver.
INFO - 2023-09-12 09:52:10 --> Session: Class initialized using 'CodeIgniter\Session\Handlers\FileHandler' driver.
ERROR - 2023-09-12 09:52:10 --> mysqli_sql_exception: Cannot add or update a child row: a foreign key constraint fails (`eseo_crm_db`.`guestpost_leads`, CONSTRAINT `fk_project_id` FOREIGN KEY (`project_id`) REFERENCES `projects` (`id`)) in C:\xampp\htdocs\eseo-crm\system\Database\MySQLi\Connection.php:295
Stack trace:
#0 C:\xampp\htdocs\eseo-crm\system\Database\MySQLi\Connection.php(295): mysqli->query('INSERT INTO `gu...', 0)
#1 C:\xampp\htdocs\eseo-crm\system\Database\BaseConnection.php(692): CodeIgniter\Database\MySQLi\Connection->execute('INSERT INTO `gu...')
#2 C:\xampp\htdocs\eseo-crm\system\Database\BaseConnection.php(606): CodeIgniter\Database\BaseConnection->simpleQuery('INSERT INTO `gu...')
#3 C:\xampp\htdocs\eseo-crm\system\Database\BaseBuilder.php(2309): CodeIgniter\Database\BaseConnection->query('INSERT INTO `gu...', Array, false)
#4 C:\xampp\htdocs\eseo-crm\system\Model.php(330): CodeIgniter\Database\BaseBuilder->insert()
#5 C:\xampp\htdocs\eseo-crm\system\BaseModel.php(782): CodeIgniter\Model->doInsert(Array)
#6 C:\xampp\htdocs\eseo-crm\system\Model.php(730): CodeIgniter\BaseModel->insert(Array, true)
#7 C:\xampp\htdocs\eseo-crm\app\Controllers\AgentController.php(91): CodeIgniter\Model->insert(Array)
#8 C:\xampp\htdocs\eseo-crm\system\CodeIgniter.php(932): App\Controllers\AgentController->save_guestpost()
#9 C:\xampp\htdocs\eseo-crm\system\CodeIgniter.php(497): CodeIgniter\CodeIgniter->runController(Object(App\Controllers\AgentController))
#10 C:\xampp\htdocs\eseo-crm\system\CodeIgniter.php(366): CodeIgniter\CodeIgniter->handleRequest(NULL, Object(Config\Cache), false)
#11 C:\xampp\htdocs\eseo-crm\index.php(67): CodeIgniter\CodeIgniter->run()
#12 {main}
CRITICAL - 2023-09-12 09:52:10 --> Cannot add or update a child row: a foreign key constraint fails (`eseo_crm_db`.`guestpost_leads`, CONSTRAINT `fk_project_id` FOREIGN KEY (`project_id`) REFERENCES `projects` (`id`))
in SYSTEMPATH\Database\MySQLi\Connection.php on line 295.
 1 SYSTEMPATH\Database\MySQLi\Connection.php(295): mysqli->query('INSERT INTO `guestpost_leads` (`user_id`, `role_id`, `link`, `amount`, `agent_email`, `blogger_name`, `blogger_email`, `blogger_phone`) VALUES (\'2\', \'2\', \'https://www.eeee.com\', \'2121\', \'sharmasiddharth385@gmail.com\', \'asdsd\', \'sharmasiddharth385@gmail.com\', \'7206771558\')', 0)
 2 SYSTEMPATH\Database\BaseConnection.php(692): CodeIgniter\Database\MySQLi\Connection->execute('INSERT INTO `guestpost_leads` (`user_id`, `role_id`, `link`, `amount`, `agent_email`, `blogger_name`, `blogger_email`, `blogger_phone`) VALUES (\'2\', \'2\', \'https://www.eeee.com\', \'2121\', \'sharmasiddharth385@gmail.com\', \'asdsd\', \'sharmasiddharth385@gmail.com\', \'7206771558\')')
 3 SYSTEMPATH\Database\BaseConnection.php(606): CodeIgniter\Database\BaseConnection->simpleQuery('INSERT INTO `guestpost_leads` (`user_id`, `role_id`, `link`, `amount`, `agent_email`, `blogger_name`, `blogger_email`, `blogger_phone`) VALUES (\'2\', \'2\', \'https://www.eeee.com\', \'2121\', \'sharmasiddharth385@gmail.com\', \'asdsd\', \'sharmasiddharth385@gmail.com\', \'7206771558\')')
 4 SYSTEMPATH\Database\BaseBuilder.php(2309): CodeIgniter\Database\BaseConnection->query('INSERT INTO `guestpost_leads` (`user_id`, `role_id`, `link`, `amount`, `agent_email`, `blogger_name`, `blogger_email`, `blogger_phone`) VALUES (:user_id:, :role_id:, :link:, :amount:, :agent_email:, :blogger_name:, :blogger_email:, :blogger_phone:)', [...], false)
 5 SYSTEMPATH\Model.php(330): CodeIgniter\Database\BaseBuilder->insert()
 6 SYSTEMPATH\BaseModel.php(782): CodeIgniter\Model->doInsert([...])
 7 SYSTEMPATH\Model.php(730): CodeIgniter\BaseModel->insert([...], true)
 8 APPPATH\Controllers\AgentController.php(91): CodeIgniter\Model->insert([...])
 9 SYSTEMPATH\CodeIgniter.php(932): App\Controllers\AgentController->save_guestpost()
10 SYSTEMPATH\CodeIgniter.php(497): CodeIgniter\CodeIgniter->runController(Object(App\Controllers\AgentController))
11 SYSTEMPATH\CodeIgniter.php(366): CodeIgniter\CodeIgniter->handleRequest(null, Object(Config\Cache), false)
12 FCPATH\index.php(67): CodeIgniter\CodeIgniter->run()
INFO - 2023-09-12 09:55:46 --> Session: Class initialized using 'CodeIgniter\Session\Handlers\FileHandler' driver.
INFO - 2023-09-12 09:55:48 --> Session: Class initialized using 'CodeIgniter\Session\Handlers\FileHandler' driver.
INFO - 2023-09-12 09:56:26 --> Session: Class initialized using 'CodeIgniter\Session\Handlers\FileHandler' driver.
ERROR - 2023-09-12 09:56:26 --> mysqli_sql_exception: Cannot add or update a child row: a foreign key constraint fails (`eseo_crm_db`.`guestpost_leads`, CONSTRAINT `fk_project_id` FOREIGN KEY (`project_id`) REFERENCES `projects` (`id`)) in C:\xampp\htdocs\eseo-crm\system\Database\MySQLi\Connection.php:295
Stack trace:
#0 C:\xampp\htdocs\eseo-crm\system\Database\MySQLi\Connection.php(295): mysqli->query('INSERT INTO `gu...', 0)
#1 C:\xampp\htdocs\eseo-crm\system\Database\BaseConnection.php(692): CodeIgniter\Database\MySQLi\Connection->execute('INSERT INTO `gu...')
#2 C:\xampp\htdocs\eseo-crm\system\Database\BaseConnection.php(606): CodeIgniter\Database\BaseConnection->simpleQuery('INSERT INTO `gu...')
#3 C:\xampp\htdocs\eseo-crm\system\Database\BaseBuilder.php(2309): CodeIgniter\Database\BaseConnection->query('INSERT INTO `gu...', Array, false)
#4 C:\xampp\htdocs\eseo-crm\system\Model.php(330): CodeIgniter\Database\BaseBuilder->insert()
#5 C:\xampp\htdocs\eseo-crm\system\BaseModel.php(782): CodeIgniter\Model->doInsert(Array)
#6 C:\xampp\htdocs\eseo-crm\system\Model.php(730): CodeIgniter\BaseModel->insert(Array, true)
#7 C:\xampp\htdocs\eseo-crm\app\Controllers\AgentController.php(94): CodeIgniter\Model->insert(Array)
#8 C:\xampp\htdocs\eseo-crm\system\CodeIgniter.php(932): App\Controllers\AgentController->save_guestpost()
#9 C:\xampp\htdocs\eseo-crm\system\CodeIgniter.php(497): CodeIgniter\CodeIgniter->runController(Object(App\Controllers\AgentController))
#10 C:\xampp\htdocs\eseo-crm\system\CodeIgniter.php(366): CodeIgniter\CodeIgniter->handleRequest(NULL, Object(Config\Cache), false)
#11 C:\xampp\htdocs\eseo-crm\index.php(67): CodeIgniter\CodeIgniter->run()
#12 {main}
CRITICAL - 2023-09-12 09:56:26 --> Cannot add or update a child row: a foreign key constraint fails (`eseo_crm_db`.`guestpost_leads`, CONSTRAINT `fk_project_id` FOREIGN KEY (`project_id`) REFERENCES `projects` (`id`))
in SYSTEMPATH\Database\MySQLi\Connection.php on line 295.
 1 SYSTEMPATH\Database\MySQLi\Connection.php(295): mysqli->query('INSERT INTO `guestpost_leads` (`user_id`, `role_id`, `link`, `amount`, `agent_email`, `blogger_name`, `blogger_email`, `blogger_phone`) VALUES (\'2\', \'2\', \'https://www.eeee.com\', \'2121\', \'sharmasiddharth385@gmail.com\', \'asdsd\', \'sharmasiddharth385@gmail.com\', \'7206771558\')', 0)
 2 SYSTEMPATH\Database\BaseConnection.php(692): CodeIgniter\Database\MySQLi\Connection->execute('INSERT INTO `guestpost_leads` (`user_id`, `role_id`, `link`, `amount`, `agent_email`, `blogger_name`, `blogger_email`, `blogger_phone`) VALUES (\'2\', \'2\', \'https://www.eeee.com\', \'2121\', \'sharmasiddharth385@gmail.com\', \'asdsd\', \'sharmasiddharth385@gmail.com\', \'7206771558\')')
 3 SYSTEMPATH\Database\BaseConnection.php(606): CodeIgniter\Database\BaseConnection->simpleQuery('INSERT INTO `guestpost_leads` (`user_id`, `role_id`, `link`, `amount`, `agent_email`, `blogger_name`, `blogger_email`, `blogger_phone`) VALUES (\'2\', \'2\', \'https://www.eeee.com\', \'2121\', \'sharmasiddharth385@gmail.com\', \'asdsd\', \'sharmasiddharth385@gmail.com\', \'7206771558\')')
 4 SYSTEMPATH\Database\BaseBuilder.php(2309): CodeIgniter\Database\BaseConnection->query('INSERT INTO `guestpost_leads` (`user_id`, `role_id`, `link`, `amount`, `agent_email`, `blogger_name`, `blogger_email`, `blogger_phone`) VALUES (:user_id:, :role_id:, :link:, :amount:, :agent_email:, :blogger_name:, :blogger_email:, :blogger_phone:)', [...], false)
 5 SYSTEMPATH\Model.php(330): CodeIgniter\Database\BaseBuilder->insert()
 6 SYSTEMPATH\BaseModel.php(782): CodeIgniter\Model->doInsert([...])
 7 SYSTEMPATH\Model.php(730): CodeIgniter\BaseModel->insert([...], true)
 8 APPPATH\Controllers\AgentController.php(94): CodeIgniter\Model->insert([...])
 9 SYSTEMPATH\CodeIgniter.php(932): App\Controllers\AgentController->save_guestpost()
10 SYSTEMPATH\CodeIgniter.php(497): CodeIgniter\CodeIgniter->runController(Object(App\Controllers\AgentController))
11 SYSTEMPATH\CodeIgniter.php(366): CodeIgniter\CodeIgniter->handleRequest(null, Object(Config\Cache), false)
12 FCPATH\index.php(67): CodeIgniter\CodeIgniter->run()
INFO - 2023-09-12 10:01:29 --> Session: Class initialized using 'CodeIgniter\Session\Handlers\FileHandler' driver.
ERROR - 2023-09-12 10:01:29 --> mysqli_sql_exception: Cannot add or update a child row: a foreign key constraint fails (`eseo_crm_db`.`guestpost_leads`, CONSTRAINT `fk_project_id` FOREIGN KEY (`project_id`) REFERENCES `projects` (`id`)) in C:\xampp\htdocs\eseo-crm\system\Database\MySQLi\Connection.php:295
Stack trace:
#0 C:\xampp\htdocs\eseo-crm\system\Database\MySQLi\Connection.php(295): mysqli->query('INSERT INTO `gu...', 0)
#1 C:\xampp\htdocs\eseo-crm\system\Database\BaseConnection.php(692): CodeIgniter\Database\MySQLi\Connection->execute('INSERT INTO `gu...')
#2 C:\xampp\htdocs\eseo-crm\system\Database\BaseConnection.php(606): CodeIgniter\Database\BaseConnection->simpleQuery('INSERT INTO `gu...')
#3 C:\xampp\htdocs\eseo-crm\system\Database\BaseBuilder.php(2309): CodeIgniter\Database\BaseConnection->query('INSERT INTO `gu...', Array, false)
#4 C:\xampp\htdocs\eseo-crm\system\Model.php(330): CodeIgniter\Database\BaseBuilder->insert()
#5 C:\xampp\htdocs\eseo-crm\system\BaseModel.php(782): CodeIgniter\Model->doInsert(Array)
#6 C:\xampp\htdocs\eseo-crm\system\Model.php(730): CodeIgniter\BaseModel->insert(Array, true)
#7 C:\xampp\htdocs\eseo-crm\app\Controllers\AgentController.php(94): CodeIgniter\Model->insert(Array)
#8 C:\xampp\htdocs\eseo-crm\system\CodeIgniter.php(932): App\Controllers\AgentController->save_guestpost()
#9 C:\xampp\htdocs\eseo-crm\system\CodeIgniter.php(497): CodeIgniter\CodeIgniter->runController(Object(App\Controllers\AgentController))
#10 C:\xampp\htdocs\eseo-crm\system\CodeIgniter.php(366): CodeIgniter\CodeIgniter->handleRequest(NULL, Object(Config\Cache), false)
#11 C:\xampp\htdocs\eseo-crm\index.php(67): CodeIgniter\CodeIgniter->run()
#12 {main}
CRITICAL - 2023-09-12 10:01:29 --> Cannot add or update a child row: a foreign key constraint fails (`eseo_crm_db`.`guestpost_leads`, CONSTRAINT `fk_project_id` FOREIGN KEY (`project_id`) REFERENCES `projects` (`id`))
in SYSTEMPATH\Database\MySQLi\Connection.php on line 295.
 1 SYSTEMPATH\Database\MySQLi\Connection.php(295): mysqli->query('INSERT INTO `guestpost_leads` (`user_id`, `role_id`, `link`, `amount`, `agent_email`, `blogger_name`, `blogger_email`, `blogger_phone`) VALUES (\'2\', \'2\', \'https://www.eeee.com\', \'2121\', \'sharmasiddharth385@gmail.com\', \'asdsd\', \'sharmasiddharth385@gmail.com\', \'7206771558\')', 0)
 2 SYSTEMPATH\Database\BaseConnection.php(692): CodeIgniter\Database\MySQLi\Connection->execute('INSERT INTO `guestpost_leads` (`user_id`, `role_id`, `link`, `amount`, `agent_email`, `blogger_name`, `blogger_email`, `blogger_phone`) VALUES (\'2\', \'2\', \'https://www.eeee.com\', \'2121\', \'sharmasiddharth385@gmail.com\', \'asdsd\', \'sharmasiddharth385@gmail.com\', \'7206771558\')')
 3 SYSTEMPATH\Database\BaseConnection.php(606): CodeIgniter\Database\BaseConnection->simpleQuery('INSERT INTO `guestpost_leads` (`user_id`, `role_id`, `link`, `amount`, `agent_email`, `blogger_name`, `blogger_email`, `blogger_phone`) VALUES (\'2\', \'2\', \'https://www.eeee.com\', \'2121\', \'sharmasiddharth385@gmail.com\', \'asdsd\', \'sharmasiddharth385@gmail.com\', \'7206771558\')')
 4 SYSTEMPATH\Database\BaseBuilder.php(2309): CodeIgniter\Database\BaseConnection->query('INSERT INTO `guestpost_leads` (`user_id`, `role_id`, `link`, `amount`, `agent_email`, `blogger_name`, `blogger_email`, `blogger_phone`) VALUES (:user_id:, :role_id:, :link:, :amount:, :agent_email:, :blogger_name:, :blogger_email:, :blogger_phone:)', [...], false)
 5 SYSTEMPATH\Model.php(330): CodeIgniter\Database\BaseBuilder->insert()
 6 SYSTEMPATH\BaseModel.php(782): CodeIgniter\Model->doInsert([...])
 7 SYSTEMPATH\Model.php(730): CodeIgniter\BaseModel->insert([...], true)
 8 APPPATH\Controllers\AgentController.php(94): CodeIgniter\Model->insert([...])
 9 SYSTEMPATH\CodeIgniter.php(932): App\Controllers\AgentController->save_guestpost()
10 SYSTEMPATH\CodeIgniter.php(497): CodeIgniter\CodeIgniter->runController(Object(App\Controllers\AgentController))
11 SYSTEMPATH\CodeIgniter.php(366): CodeIgniter\CodeIgniter->handleRequest(null, Object(Config\Cache), false)
12 FCPATH\index.php(67): CodeIgniter\CodeIgniter->run()
INFO - 2023-09-12 10:01:34 --> Session: Class initialized using 'CodeIgniter\Session\Handlers\FileHandler' driver.
ERROR - 2023-09-12 10:01:34 --> mysqli_sql_exception: Cannot add or update a child row: a foreign key constraint fails (`eseo_crm_db`.`guestpost_leads`, CONSTRAINT `fk_project_id` FOREIGN KEY (`project_id`) REFERENCES `projects` (`id`)) in C:\xampp\htdocs\eseo-crm\system\Database\MySQLi\Connection.php:295
Stack trace:
#0 C:\xampp\htdocs\eseo-crm\system\Database\MySQLi\Connection.php(295): mysqli->query('INSERT INTO `gu...', 0)
#1 C:\xampp\htdocs\eseo-crm\system\Database\BaseConnection.php(692): CodeIgniter\Database\MySQLi\Connection->execute('INSERT INTO `gu...')
#2 C:\xampp\htdocs\eseo-crm\system\Database\BaseConnection.php(606): CodeIgniter\Database\BaseConnection->simpleQuery('INSERT INTO `gu...')
#3 C:\xampp\htdocs\eseo-crm\system\Database\BaseBuilder.php(2309): CodeIgniter\Database\BaseConnection->query('INSERT INTO `gu...', Array, false)
#4 C:\xampp\htdocs\eseo-crm\system\Model.php(330): CodeIgniter\Database\BaseBuilder->insert()
#5 C:\xampp\htdocs\eseo-crm\system\BaseModel.php(782): CodeIgniter\Model->doInsert(Array)
#6 C:\xampp\htdocs\eseo-crm\system\Model.php(730): CodeIgniter\BaseModel->insert(Array, true)
#7 C:\xampp\htdocs\eseo-crm\app\Controllers\AgentController.php(94): CodeIgniter\Model->insert(Array)
#8 C:\xampp\htdocs\eseo-crm\system\CodeIgniter.php(932): App\Controllers\AgentController->save_guestpost()
#9 C:\xampp\htdocs\eseo-crm\system\CodeIgniter.php(497): CodeIgniter\CodeIgniter->runController(Object(App\Controllers\AgentController))
#10 C:\xampp\htdocs\eseo-crm\system\CodeIgniter.php(366): CodeIgniter\CodeIgniter->handleRequest(NULL, Object(Config\Cache), false)
#11 C:\xampp\htdocs\eseo-crm\index.php(67): CodeIgniter\CodeIgniter->run()
#12 {main}
CRITICAL - 2023-09-12 10:01:34 --> Cannot add or update a child row: a foreign key constraint fails (`eseo_crm_db`.`guestpost_leads`, CONSTRAINT `fk_project_id` FOREIGN KEY (`project_id`) REFERENCES `projects` (`id`))
in SYSTEMPATH\Database\MySQLi\Connection.php on line 295.
 1 SYSTEMPATH\Database\MySQLi\Connection.php(295): mysqli->query('INSERT INTO `guestpost_leads` (`user_id`, `role_id`, `link`, `amount`, `agent_email`, `blogger_name`, `blogger_email`, `blogger_phone`) VALUES (\'2\', \'2\', \'https://www.eeee.com\', \'2121\', \'sharmasiddharth385@gmail.com\', \'asdsd\', \'sharmasiddharth385@gmail.com\', \'7206771558\')', 0)
 2 SYSTEMPATH\Database\BaseConnection.php(692): CodeIgniter\Database\MySQLi\Connection->execute('INSERT INTO `guestpost_leads` (`user_id`, `role_id`, `link`, `amount`, `agent_email`, `blogger_name`, `blogger_email`, `blogger_phone`) VALUES (\'2\', \'2\', \'https://www.eeee.com\', \'2121\', \'sharmasiddharth385@gmail.com\', \'asdsd\', \'sharmasiddharth385@gmail.com\', \'7206771558\')')
 3 SYSTEMPATH\Database\BaseConnection.php(606): CodeIgniter\Database\BaseConnection->simpleQuery('INSERT INTO `guestpost_leads` (`user_id`, `role_id`, `link`, `amount`, `agent_email`, `blogger_name`, `blogger_email`, `blogger_phone`) VALUES (\'2\', \'2\', \'https://www.eeee.com\', \'2121\', \'sharmasiddharth385@gmail.com\', \'asdsd\', \'sharmasiddharth385@gmail.com\', \'7206771558\')')
 4 SYSTEMPATH\Database\BaseBuilder.php(2309): CodeIgniter\Database\BaseConnection->query('INSERT INTO `guestpost_leads` (`user_id`, `role_id`, `link`, `amount`, `agent_email`, `blogger_name`, `blogger_email`, `blogger_phone`) VALUES (:user_id:, :role_id:, :link:, :amount:, :agent_email:, :blogger_name:, :blogger_email:, :blogger_phone:)', [...], false)
 5 SYSTEMPATH\Model.php(330): CodeIgniter\Database\BaseBuilder->insert()
 6 SYSTEMPATH\BaseModel.php(782): CodeIgniter\Model->doInsert([...])
 7 SYSTEMPATH\Model.php(730): CodeIgniter\BaseModel->insert([...], true)
 8 APPPATH\Controllers\AgentController.php(94): CodeIgniter\Model->insert([...])
 9 SYSTEMPATH\CodeIgniter.php(932): App\Controllers\AgentController->save_guestpost()
10 SYSTEMPATH\CodeIgniter.php(497): CodeIgniter\CodeIgniter->runController(Object(App\Controllers\AgentController))
11 SYSTEMPATH\CodeIgniter.php(366): CodeIgniter\CodeIgniter->handleRequest(null, Object(Config\Cache), false)
12 FCPATH\index.php(67): CodeIgniter\CodeIgniter->run()
INFO - 2023-09-12 10:04:29 --> Session: Class initialized using 'CodeIgniter\Session\Handlers\FileHandler' driver.
ERROR - 2023-09-12 10:04:29 --> mysqli_sql_exception: Cannot add or update a child row: a foreign key constraint fails (`eseo_crm_db`.`guestpost_leads`, CONSTRAINT `fk_project_id` FOREIGN KEY (`project_id`) REFERENCES `projects` (`id`)) in C:\xampp\htdocs\eseo-crm\system\Database\MySQLi\Connection.php:295
Stack trace:
#0 C:\xampp\htdocs\eseo-crm\system\Database\MySQLi\Connection.php(295): mysqli->query('INSERT INTO `gu...', 0)
#1 C:\xampp\htdocs\eseo-crm\system\Database\BaseConnection.php(692): CodeIgniter\Database\MySQLi\Connection->execute('INSERT INTO `gu...')
#2 C:\xampp\htdocs\eseo-crm\system\Database\BaseConnection.php(606): CodeIgniter\Database\BaseConnection->simpleQuery('INSERT INTO `gu...')
#3 C:\xampp\htdocs\eseo-crm\system\Database\BaseBuilder.php(2309): CodeIgniter\Database\BaseConnection->query('INSERT INTO `gu...', Array, false)
#4 C:\xampp\htdocs\eseo-crm\system\Model.php(330): CodeIgniter\Database\BaseBuilder->insert()
#5 C:\xampp\htdocs\eseo-crm\system\BaseModel.php(782): CodeIgniter\Model->doInsert(Array)
#6 C:\xampp\htdocs\eseo-crm\system\Model.php(730): CodeIgniter\BaseModel->insert(Array, true)
#7 C:\xampp\htdocs\eseo-crm\app\Controllers\AgentController.php(94): CodeIgniter\Model->insert(Array)
#8 C:\xampp\htdocs\eseo-crm\system\CodeIgniter.php(932): App\Controllers\AgentController->save_guestpost()
#9 C:\xampp\htdocs\eseo-crm\system\CodeIgniter.php(497): CodeIgniter\CodeIgniter->runController(Object(App\Controllers\AgentController))
#10 C:\xampp\htdocs\eseo-crm\system\CodeIgniter.php(366): CodeIgniter\CodeIgniter->handleRequest(NULL, Object(Config\Cache), false)
#11 C:\xampp\htdocs\eseo-crm\index.php(67): CodeIgniter\CodeIgniter->run()
#12 {main}
CRITICAL - 2023-09-12 10:04:29 --> Cannot add or update a child row: a foreign key constraint fails (`eseo_crm_db`.`guestpost_leads`, CONSTRAINT `fk_project_id` FOREIGN KEY (`project_id`) REFERENCES `projects` (`id`))
in SYSTEMPATH\Database\MySQLi\Connection.php on line 295.
 1 SYSTEMPATH\Database\MySQLi\Connection.php(295): mysqli->query('INSERT INTO `guestpost_leads` (`user_id`, `role_id`, `link`, `amount`, `agent_email`, `blogger_name`, `blogger_email`, `blogger_phone`) VALUES (\'2\', \'2\', \'https://www.eeee.com\', \'2121\', \'sharmasiddharth385@gmail.com\', \'asdsd\', \'sharmasiddharth385@gmail.com\', \'7206771558\')', 0)
 2 SYSTEMPATH\Database\BaseConnection.php(692): CodeIgniter\Database\MySQLi\Connection->execute('INSERT INTO `guestpost_leads` (`user_id`, `role_id`, `link`, `amount`, `agent_email`, `blogger_name`, `blogger_email`, `blogger_phone`) VALUES (\'2\', \'2\', \'https://www.eeee.com\', \'2121\', \'sharmasiddharth385@gmail.com\', \'asdsd\', \'sharmasiddharth385@gmail.com\', \'7206771558\')')
 3 SYSTEMPATH\Database\BaseConnection.php(606): CodeIgniter\Database\BaseConnection->simpleQuery('INSERT INTO `guestpost_leads` (`user_id`, `role_id`, `link`, `amount`, `agent_email`, `blogger_name`, `blogger_email`, `blogger_phone`) VALUES (\'2\', \'2\', \'https://www.eeee.com\', \'2121\', \'sharmasiddharth385@gmail.com\', \'asdsd\', \'sharmasiddharth385@gmail.com\', \'7206771558\')')
 4 SYSTEMPATH\Database\BaseBuilder.php(2309): CodeIgniter\Database\BaseConnection->query('INSERT INTO `guestpost_leads` (`user_id`, `role_id`, `link`, `amount`, `agent_email`, `blogger_name`, `blogger_email`, `blogger_phone`) VALUES (:user_id:, :role_id:, :link:, :amount:, :agent_email:, :blogger_name:, :blogger_email:, :blogger_phone:)', [...], false)
 5 SYSTEMPATH\Model.php(330): CodeIgniter\Database\BaseBuilder->insert()
 6 SYSTEMPATH\BaseModel.php(782): CodeIgniter\Model->doInsert([...])
 7 SYSTEMPATH\Model.php(730): CodeIgniter\BaseModel->insert([...], true)
 8 APPPATH\Controllers\AgentController.php(94): CodeIgniter\Model->insert([...])
 9 SYSTEMPATH\CodeIgniter.php(932): App\Controllers\AgentController->save_guestpost()
10 SYSTEMPATH\CodeIgniter.php(497): CodeIgniter\CodeIgniter->runController(Object(App\Controllers\AgentController))
11 SYSTEMPATH\CodeIgniter.php(366): CodeIgniter\CodeIgniter->handleRequest(null, Object(Config\Cache), false)
12 FCPATH\index.php(67): CodeIgniter\CodeIgniter->run()
INFO - 2023-09-12 10:06:02 --> Session: Class initialized using 'CodeIgniter\Session\Handlers\FileHandler' driver.
ERROR - 2023-09-12 10:06:02 --> mysqli_sql_exception: Cannot add or update a child row: a foreign key constraint fails (`eseo_crm_db`.`guestpost_leads`, CONSTRAINT `fk_project_id` FOREIGN KEY (`project_id`) REFERENCES `projects` (`id`)) in C:\xampp\htdocs\eseo-crm\system\Database\MySQLi\Connection.php:295
Stack trace:
#0 C:\xampp\htdocs\eseo-crm\system\Database\MySQLi\Connection.php(295): mysqli->query('INSERT INTO `gu...', 0)
#1 C:\xampp\htdocs\eseo-crm\system\Database\BaseConnection.php(692): CodeIgniter\Database\MySQLi\Connection->execute('INSERT INTO `gu...')
#2 C:\xampp\htdocs\eseo-crm\system\Database\BaseConnection.php(606): CodeIgniter\Database\BaseConnection->simpleQuery('INSERT INTO `gu...')
#3 C:\xampp\htdocs\eseo-crm\system\Database\BaseBuilder.php(2309): CodeIgniter\Database\BaseConnection->query('INSERT INTO `gu...', Array, false)
#4 C:\xampp\htdocs\eseo-crm\system\Model.php(330): CodeIgniter\Database\BaseBuilder->insert()
#5 C:\xampp\htdocs\eseo-crm\system\BaseModel.php(782): CodeIgniter\Model->doInsert(Array)
#6 C:\xampp\htdocs\eseo-crm\system\Model.php(730): CodeIgniter\BaseModel->insert(Array, true)
#7 C:\xampp\htdocs\eseo-crm\app\Controllers\AgentController.php(94): CodeIgniter\Model->insert(Array)
#8 C:\xampp\htdocs\eseo-crm\system\CodeIgniter.php(932): App\Controllers\AgentController->save_guestpost()
#9 C:\xampp\htdocs\eseo-crm\system\CodeIgniter.php(497): CodeIgniter\CodeIgniter->runController(Object(App\Controllers\AgentController))
#10 C:\xampp\htdocs\eseo-crm\system\CodeIgniter.php(366): CodeIgniter\CodeIgniter->handleRequest(NULL, Object(Config\Cache), false)
#11 C:\xampp\htdocs\eseo-crm\index.php(67): CodeIgniter\CodeIgniter->run()
#12 {main}
CRITICAL - 2023-09-12 10:06:02 --> Cannot add or update a child row: a foreign key constraint fails (`eseo_crm_db`.`guestpost_leads`, CONSTRAINT `fk_project_id` FOREIGN KEY (`project_id`) REFERENCES `projects` (`id`))
in SYSTEMPATH\Database\MySQLi\Connection.php on line 295.
 1 SYSTEMPATH\Database\MySQLi\Connection.php(295): mysqli->query('INSERT INTO `guestpost_leads` (`user_id`, `role_id`, `link`, `amount`, `agent_email`, `blogger_name`, `blogger_email`, `blogger_phone`) VALUES (\'2\', \'2\', \'https://www.eeee.com\', \'2121\', \'sharmasiddharth385@gmail.com\', \'asdsd\', \'sharmasiddharth385@gmail.com\', \'7206771558\')', 0)
 2 SYSTEMPATH\Database\BaseConnection.php(692): CodeIgniter\Database\MySQLi\Connection->execute('INSERT INTO `guestpost_leads` (`user_id`, `role_id`, `link`, `amount`, `agent_email`, `blogger_name`, `blogger_email`, `blogger_phone`) VALUES (\'2\', \'2\', \'https://www.eeee.com\', \'2121\', \'sharmasiddharth385@gmail.com\', \'asdsd\', \'sharmasiddharth385@gmail.com\', \'7206771558\')')
 3 SYSTEMPATH\Database\BaseConnection.php(606): CodeIgniter\Database\BaseConnection->simpleQuery('INSERT INTO `guestpost_leads` (`user_id`, `role_id`, `link`, `amount`, `agent_email`, `blogger_name`, `blogger_email`, `blogger_phone`) VALUES (\'2\', \'2\', \'https://www.eeee.com\', \'2121\', \'sharmasiddharth385@gmail.com\', \'asdsd\', \'sharmasiddharth385@gmail.com\', \'7206771558\')')
 4 SYSTEMPATH\Database\BaseBuilder.php(2309): CodeIgniter\Database\BaseConnection->query('INSERT INTO `guestpost_leads` (`user_id`, `role_id`, `link`, `amount`, `agent_email`, `blogger_name`, `blogger_email`, `blogger_phone`) VALUES (:user_id:, :role_id:, :link:, :amount:, :agent_email:, :blogger_name:, :blogger_email:, :blogger_phone:)', [...], false)
 5 SYSTEMPATH\Model.php(330): CodeIgniter\Database\BaseBuilder->insert()
 6 SYSTEMPATH\BaseModel.php(782): CodeIgniter\Model->doInsert([...])
 7 SYSTEMPATH\Model.php(730): CodeIgniter\BaseModel->insert([...], true)
 8 APPPATH\Controllers\AgentController.php(94): CodeIgniter\Model->insert([...])
 9 SYSTEMPATH\CodeIgniter.php(932): App\Controllers\AgentController->save_guestpost()
10 SYSTEMPATH\CodeIgniter.php(497): CodeIgniter\CodeIgniter->runController(Object(App\Controllers\AgentController))
11 SYSTEMPATH\CodeIgniter.php(366): CodeIgniter\CodeIgniter->handleRequest(null, Object(Config\Cache), false)
12 FCPATH\index.php(67): CodeIgniter\CodeIgniter->run()
INFO - 2023-09-12 10:07:25 --> Session: Class initialized using 'CodeIgniter\Session\Handlers\FileHandler' driver.
ERROR - 2023-09-12 10:07:25 --> mysqli_sql_exception: Cannot add or update a child row: a foreign key constraint fails (`eseo_crm_db`.`guestpost_leads`, CONSTRAINT `fk_project_id` FOREIGN KEY (`project_id`) REFERENCES `projects` (`id`)) in C:\xampp\htdocs\eseo-crm\system\Database\MySQLi\Connection.php:295
Stack trace:
#0 C:\xampp\htdocs\eseo-crm\system\Database\MySQLi\Connection.php(295): mysqli->query('INSERT INTO `gu...', 0)
#1 C:\xampp\htdocs\eseo-crm\system\Database\BaseConnection.php(692): CodeIgniter\Database\MySQLi\Connection->execute('INSERT INTO `gu...')
#2 C:\xampp\htdocs\eseo-crm\system\Database\BaseConnection.php(606): CodeIgniter\Database\BaseConnection->simpleQuery('INSERT INTO `gu...')
#3 C:\xampp\htdocs\eseo-crm\system\Database\BaseBuilder.php(2309): CodeIgniter\Database\BaseConnection->query('INSERT INTO `gu...', Array, false)
#4 C:\xampp\htdocs\eseo-crm\system\Model.php(330): CodeIgniter\Database\BaseBuilder->insert()
#5 C:\xampp\htdocs\eseo-crm\system\BaseModel.php(782): CodeIgniter\Model->doInsert(Array)
#6 C:\xampp\htdocs\eseo-crm\system\Model.php(730): CodeIgniter\BaseModel->insert(Array, true)
#7 C:\xampp\htdocs\eseo-crm\app\Controllers\AgentController.php(94): CodeIgniter\Model->insert(Array)
#8 C:\xampp\htdocs\eseo-crm\system\CodeIgniter.php(932): App\Controllers\AgentController->save_guestpost()
#9 C:\xampp\htdocs\eseo-crm\system\CodeIgniter.php(497): CodeIgniter\CodeIgniter->runController(Object(App\Controllers\AgentController))
#10 C:\xampp\htdocs\eseo-crm\system\CodeIgniter.php(366): CodeIgniter\CodeIgniter->handleRequest(NULL, Object(Config\Cache), false)
#11 C:\xampp\htdocs\eseo-crm\index.php(67): CodeIgniter\CodeIgniter->run()
#12 {main}
CRITICAL - 2023-09-12 10:07:25 --> Cannot add or update a child row: a foreign key constraint fails (`eseo_crm_db`.`guestpost_leads`, CONSTRAINT `fk_project_id` FOREIGN KEY (`project_id`) REFERENCES `projects` (`id`))
in SYSTEMPATH\Database\MySQLi\Connection.php on line 295.
 1 SYSTEMPATH\Database\MySQLi\Connection.php(295): mysqli->query('INSERT INTO `guestpost_leads` (`user_id`, `role_id`, `link`, `amount`, `agent_email`, `blogger_name`, `blogger_email`, `blogger_phone`) VALUES (\'2\', \'2\', \'https://www.eeee.com\', \'2121\', \'sharmasiddharth385@gmail.com\', \'asdsd\', \'sharmasiddharth385@gmail.com\', \'7206771558\')', 0)
 2 SYSTEMPATH\Database\BaseConnection.php(692): CodeIgniter\Database\MySQLi\Connection->execute('INSERT INTO `guestpost_leads` (`user_id`, `role_id`, `link`, `amount`, `agent_email`, `blogger_name`, `blogger_email`, `blogger_phone`) VALUES (\'2\', \'2\', \'https://www.eeee.com\', \'2121\', \'sharmasiddharth385@gmail.com\', \'asdsd\', \'sharmasiddharth385@gmail.com\', \'7206771558\')')
 3 SYSTEMPATH\Database\BaseConnection.php(606): CodeIgniter\Database\BaseConnection->simpleQuery('INSERT INTO `guestpost_leads` (`user_id`, `role_id`, `link`, `amount`, `agent_email`, `blogger_name`, `blogger_email`, `blogger_phone`) VALUES (\'2\', \'2\', \'https://www.eeee.com\', \'2121\', \'sharmasiddharth385@gmail.com\', \'asdsd\', \'sharmasiddharth385@gmail.com\', \'7206771558\')')
 4 SYSTEMPATH\Database\BaseBuilder.php(2309): CodeIgniter\Database\BaseConnection->query('INSERT INTO `guestpost_leads` (`user_id`, `role_id`, `link`, `amount`, `agent_email`, `blogger_name`, `blogger_email`, `blogger_phone`) VALUES (:user_id:, :role_id:, :link:, :amount:, :agent_email:, :blogger_name:, :blogger_email:, :blogger_phone:)', [...], false)
 5 SYSTEMPATH\Model.php(330): CodeIgniter\Database\BaseBuilder->insert()
 6 SYSTEMPATH\BaseModel.php(782): CodeIgniter\Model->doInsert([...])
 7 SYSTEMPATH\Model.php(730): CodeIgniter\BaseModel->insert([...], true)
 8 APPPATH\Controllers\AgentController.php(94): CodeIgniter\Model->insert([...])
 9 SYSTEMPATH\CodeIgniter.php(932): App\Controllers\AgentController->save_guestpost()
10 SYSTEMPATH\CodeIgniter.php(497): CodeIgniter\CodeIgniter->runController(Object(App\Controllers\AgentController))
11 SYSTEMPATH\CodeIgniter.php(366): CodeIgniter\CodeIgniter->handleRequest(null, Object(Config\Cache), false)
12 FCPATH\index.php(67): CodeIgniter\CodeIgniter->run()
INFO - 2023-09-12 10:10:32 --> Session: Class initialized using 'CodeIgniter\Session\Handlers\FileHandler' driver.
INFO - 2023-09-12 10:10:34 --> Session: Class initialized using 'CodeIgniter\Session\Handlers\FileHandler' driver.
ERROR - 2023-09-12 10:10:34 --> mysqli_sql_exception: Cannot add or update a child row: a foreign key constraint fails (`eseo_crm_db`.`guestpost_leads`, CONSTRAINT `fk_project_id` FOREIGN KEY (`project_id`) REFERENCES `projects` (`id`)) in C:\xampp\htdocs\eseo-crm\system\Database\MySQLi\Connection.php:295
Stack trace:
#0 C:\xampp\htdocs\eseo-crm\system\Database\MySQLi\Connection.php(295): mysqli->query('INSERT INTO `gu...', 0)
#1 C:\xampp\htdocs\eseo-crm\system\Database\BaseConnection.php(692): CodeIgniter\Database\MySQLi\Connection->execute('INSERT INTO `gu...')
#2 C:\xampp\htdocs\eseo-crm\system\Database\BaseConnection.php(606): CodeIgniter\Database\BaseConnection->simpleQuery('INSERT INTO `gu...')
#3 C:\xampp\htdocs\eseo-crm\system\Database\BaseBuilder.php(2309): CodeIgniter\Database\BaseConnection->query('INSERT INTO `gu...', Array, false)
#4 C:\xampp\htdocs\eseo-crm\system\Model.php(330): CodeIgniter\Database\BaseBuilder->insert()
#5 C:\xampp\htdocs\eseo-crm\system\BaseModel.php(782): CodeIgniter\Model->doInsert(Array)
#6 C:\xampp\htdocs\eseo-crm\system\Model.php(730): CodeIgniter\BaseModel->insert(Array, true)
#7 C:\xampp\htdocs\eseo-crm\app\Controllers\AgentController.php(94): CodeIgniter\Model->insert(Array)
#8 C:\xampp\htdocs\eseo-crm\system\CodeIgniter.php(932): App\Controllers\AgentController->save_guestpost()
#9 C:\xampp\htdocs\eseo-crm\system\CodeIgniter.php(497): CodeIgniter\CodeIgniter->runController(Object(App\Controllers\AgentController))
#10 C:\xampp\htdocs\eseo-crm\system\CodeIgniter.php(366): CodeIgniter\CodeIgniter->handleRequest(NULL, Object(Config\Cache), false)
#11 C:\xampp\htdocs\eseo-crm\index.php(67): CodeIgniter\CodeIgniter->run()
#12 {main}
CRITICAL - 2023-09-12 10:10:34 --> Cannot add or update a child row: a foreign key constraint fails (`eseo_crm_db`.`guestpost_leads`, CONSTRAINT `fk_project_id` FOREIGN KEY (`project_id`) REFERENCES `projects` (`id`))
in SYSTEMPATH\Database\MySQLi\Connection.php on line 295.
 1 SYSTEMPATH\Database\MySQLi\Connection.php(295): mysqli->query('INSERT INTO `guestpost_leads` (`user_id`, `role_id`, `link`, `amount`, `agent_email`, `blogger_name`, `blogger_email`, `blogger_phone`) VALUES (\'2\', \'2\', \'https://www.eeee.com\', \'2121\', \'sharmasiddharth385@gmail.com\', \'asdsd\', \'sharmasiddharth385@gmail.com\', \'7206771558\')', 0)
 2 SYSTEMPATH\Database\BaseConnection.php(692): CodeIgniter\Database\MySQLi\Connection->execute('INSERT INTO `guestpost_leads` (`user_id`, `role_id`, `link`, `amount`, `agent_email`, `blogger_name`, `blogger_email`, `blogger_phone`) VALUES (\'2\', \'2\', \'https://www.eeee.com\', \'2121\', \'sharmasiddharth385@gmail.com\', \'asdsd\', \'sharmasiddharth385@gmail.com\', \'7206771558\')')
 3 SYSTEMPATH\Database\BaseConnection.php(606): CodeIgniter\Database\BaseConnection->simpleQuery('INSERT INTO `guestpost_leads` (`user_id`, `role_id`, `link`, `amount`, `agent_email`, `blogger_name`, `blogger_email`, `blogger_phone`) VALUES (\'2\', \'2\', \'https://www.eeee.com\', \'2121\', \'sharmasiddharth385@gmail.com\', \'asdsd\', \'sharmasiddharth385@gmail.com\', \'7206771558\')')
 4 SYSTEMPATH\Database\BaseBuilder.php(2309): CodeIgniter\Database\BaseConnection->query('INSERT INTO `guestpost_leads` (`user_id`, `role_id`, `link`, `amount`, `agent_email`, `blogger_name`, `blogger_email`, `blogger_phone`) VALUES (:user_id:, :role_id:, :link:, :amount:, :agent_email:, :blogger_name:, :blogger_email:, :blogger_phone:)', [...], false)
 5 SYSTEMPATH\Model.php(330): CodeIgniter\Database\BaseBuilder->insert()
 6 SYSTEMPATH\BaseModel.php(782): CodeIgniter\Model->doInsert([...])
 7 SYSTEMPATH\Model.php(730): CodeIgniter\BaseModel->insert([...], true)
 8 APPPATH\Controllers\AgentController.php(94): CodeIgniter\Model->insert([...])
 9 SYSTEMPATH\CodeIgniter.php(932): App\Controllers\AgentController->save_guestpost()
10 SYSTEMPATH\CodeIgniter.php(497): CodeIgniter\CodeIgniter->runController(Object(App\Controllers\AgentController))
11 SYSTEMPATH\CodeIgniter.php(366): CodeIgniter\CodeIgniter->handleRequest(null, Object(Config\Cache), false)
12 FCPATH\index.php(67): CodeIgniter\CodeIgniter->run()
INFO - 2023-09-12 10:10:38 --> Session: Class initialized using 'CodeIgniter\Session\Handlers\FileHandler' driver.
INFO - 2023-09-12 10:11:29 --> Session: Class initialized using 'CodeIgniter\Session\Handlers\FileHandler' driver.
INFO - 2023-09-12 10:11:50 --> Session: Class initialized using 'CodeIgniter\Session\Handlers\FileHandler' driver.
INFO - 2023-09-12 10:13:08 --> Session: Class initialized using 'CodeIgniter\Session\Handlers\FileHandler' driver.
INFO - 2023-09-12 10:13:10 --> Session: Class initialized using 'CodeIgniter\Session\Handlers\FileHandler' driver.
INFO - 2023-09-12 10:13:10 --> Session: Class initialized using 'CodeIgniter\Session\Handlers\FileHandler' driver.
INFO - 2023-09-12 11:27:13 --> Session: Class initialized using 'CodeIgniter\Session\Handlers\FileHandler' driver.
INFO - 2023-09-12 11:27:19 --> Session: Class initialized using 'CodeIgniter\Session\Handlers\FileHandler' driver.
INFO - 2023-09-12 11:27:22 --> Session: Class initialized using 'CodeIgniter\Session\Handlers\FileHandler' driver.
INFO - 2023-09-12 11:27:26 --> Session: Class initialized using 'CodeIgniter\Session\Handlers\FileHandler' driver.
INFO - 2023-09-12 11:27:34 --> Session: Class initialized using 'CodeIgniter\Session\Handlers\FileHandler' driver.
INFO - 2023-09-12 11:27:40 --> Session: Class initialized using 'CodeIgniter\Session\Handlers\FileHandler' driver.
INFO - 2023-09-12 11:27:56 --> Session: Class initialized using 'CodeIgniter\Session\Handlers\FileHandler' driver.
INFO - 2023-09-12 11:27:56 --> Session: Class initialized using 'CodeIgniter\Session\Handlers\FileHandler' driver.
INFO - 2023-09-12 11:28:01 --> Session: Class initialized using 'CodeIgniter\Session\Handlers\FileHandler' driver.
INFO - 2023-09-12 11:28:01 --> Session: Class initialized using 'CodeIgniter\Session\Handlers\FileHandler' driver.
INFO - 2023-09-12 11:30:23 --> Session: Class initialized using 'CodeIgniter\Session\Handlers\FileHandler' driver.
INFO - 2023-09-12 12:08:01 --> Session: Class initialized using 'CodeIgniter\Session\Handlers\FileHandler' driver.
INFO - 2023-09-12 12:08:01 --> Session: Class initialized using 'CodeIgniter\Session\Handlers\FileHandler' driver.
